# JRE version: OpenJDK Runtime Environment (8.0_152-b01) (build 1.8.0_152-release-915-b01)
# Java VM: OpenJDK 64-Bit Server VM (25.152-b01 mixed mode windows-amd64 compressed oops)
Heap:
 PSYoungGen      total 256512K, used 53368K [0x00000000e0000000, 0x00000000f4d00000, 0x0000000100000000)
  eden space 241664K, 15% used [0x00000000e0000000,0x00000000e25a6368,0x00000000eec00000)
  from space 14848K, 99% used [0x00000000eec00000,0x00000000efa78048,0x00000000efa80000)
  to   space 20480K, 0% used [0x00000000f3900000,0x00000000f3900000,0x00000000f4d00000)
 ParOldGen       total 66560K, used 28021K [0x00000000a0000000, 0x00000000a4100000, 0x00000000e0000000)
  object space 66560K, 42% used [0x00000000a0000000,0x00000000a1b5d588,0x00000000a4100000)
 Metaspace       used 53867K, capacity 55688K, committed 55896K, reserved 1097728K
  class space    used 7304K, capacity 7787K, committed 7808K, reserved 1048576K
GC Heap History (10 events):
Event: 81.049 GC heap before
{Heap before GC invocations=7 (full 1):
 PSYoungGen      total 71680K, used 71669K [0x00000000e0000000, 0x00000000e9180000, 0x0000000100000000)
  eden space 66560K, 100% used [0x00000000e0000000,0x00000000e4100000,0x00000000e4100000)
  from space 5120K, 99% used [0x00000000e4100000,0x00000000e45fd628,0x00000000e4600000)
  to   space 10240K, 0% used [0x00000000e8780000,0x00000000e8780000,0x00000000e9180000)
 ParOldGen       total 50176K, used 10897K [0x00000000a0000000, 0x00000000a3100000, 0x00000000e0000000)
  object space 50176K, 21% used [0x00000000a0000000,0x00000000a0aa47c0,0x00000000a3100000)
 Metaspace       used 31296K, capacity 31988K, committed 32256K, reserved 1077248K
  class space    used 4309K, capacity 4585K, committed 4608K, reserved 1048576K
Event: 81.104 GC heap after
Heap after GC invocations=7 (full 1):
 PSYoungGen      total 137728K, used 9856K [0x00000000e0000000, 0x00000000e9500000, 0x0000000100000000)
  eden space 127488K, 0% used [0x00000000e0000000,0x00000000e0000000,0x00000000e7c80000)
  from space 10240K, 96% used [0x00000000e8780000,0x00000000e9120178,0x00000000e9180000)
  to   space 11264K, 0% used [0x00000000e7c80000,0x00000000e7c80000,0x00000000e8780000)
 ParOldGen       total 50176K, used 10969K [0x00000000a0000000, 0x00000000a3100000, 0x00000000e0000000)
  object space 50176K, 21% used [0x00000000a0000000,0x00000000a0ab67d0,0x00000000a3100000)
 Metaspace       used 31296K, capacity 31988K, committed 32256K, reserved 1077248K
  class space    used 4309K, capacity 4585K, committed 4608K, reserved 1048576K
}
Event: 96.080 GC heap before
{Heap before GC invocations=8 (full 1):
 PSYoungGen      total 137728K, used 75960K [0x00000000e0000000, 0x00000000e9500000, 0x0000000100000000)
  eden space 127488K, 51% used [0x00000000e0000000,0x00000000e408e138,0x00000000e7c80000)
  from space 10240K, 96% used [0x00000000e8780000,0x00000000e9120178,0x00000000e9180000)
  to   space 11264K, 0% used [0x00000000e7c80000,0x00000000e7c80000,0x00000000e8780000)
 ParOldGen       total 50176K, used 10969K [0x00000000a0000000, 0x00000000a3100000, 0x00000000e0000000)
  object space 50176K, 21% used [0x00000000a0000000,0x00000000a0ab67d0,0x00000000a3100000)
 Metaspace       used 34465K, capacity 35250K, committed 35416K, reserved 1079296K
  class space    used 4689K, capacity 4975K, committed 4992K, reserved 1048576K
Event: 96.111 GC heap after
Heap after GC invocations=8 (full 1):
 PSYoungGen      total 138752K, used 10164K [0x00000000e0000000, 0x00000000f0900000, 0x0000000100000000)
  eden space 127488K, 0% used [0x00000000e0000000,0x00000000e0000000,0x00000000e7c80000)
  from space 11264K, 90% used [0x00000000e7c80000,0x00000000e866d2d8,0x00000000e8780000)
  to   space 12288K, 0% used [0x00000000efd00000,0x00000000efd00000,0x00000000f0900000)
 ParOldGen       total 50176K, used 10977K [0x00000000a0000000, 0x00000000a3100000, 0x00000000e0000000)
  object space 50176K, 21% used [0x00000000a0000000,0x00000000a0ab87d0,0x00000000a3100000)
 Metaspace       used 34465K, capacity 35250K, committed 35416K, reserved 1079296K
  class space    used 4689K, capacity 4975K, committed 4992K, reserved 1048576K
}
Event: 96.111 GC heap before
{Heap before GC invocations=9 (full 2):
 PSYoungGen      total 138752K, used 10164K [0x00000000e0000000, 0x00000000f0900000, 0x0000000100000000)
  eden space 127488K, 0% used [0x00000000e0000000,0x00000000e0000000,0x00000000e7c80000)
  from space 11264K, 90% used [0x00000000e7c80000,0x00000000e866d2d8,0x00000000e8780000)
  to   space 12288K, 0% used [0x00000000efd00000,0x00000000efd00000,0x00000000f0900000)
 ParOldGen       total 50176K, used 10977K [0x00000000a0000000, 0x00000000a3100000, 0x00000000e0000000)
  object space 50176K, 21% used [0x00000000a0000000,0x00000000a0ab87d0,0x00000000a3100000)
 Metaspace       used 34465K, capacity 35250K, committed 35416K, reserved 1079296K
  class space    used 4689K, capacity 4975K, committed 4992K, reserved 1048576K
Event: 96.308 GC heap after
Heap after GC invocations=9 (full 2):
 PSYoungGen      total 138752K, used 0K [0x00000000e0000000, 0x00000000f0900000, 0x0000000100000000)
  eden space 127488K, 0% used [0x00000000e0000000,0x00000000e0000000,0x00000000e7c80000)
  from space 11264K, 0% used [0x00000000e7c80000,0x00000000e7c80000,0x00000000e8780000)
  to   space 12288K, 0% used [0x00000000efd00000,0x00000000efd00000,0x00000000f0900000)
 ParOldGen       total 66560K, used 16381K [0x00000000a0000000, 0x00000000a4100000, 0x00000000e0000000)
  object space 66560K, 24% used [0x00000000a0000000,0x00000000a0fff5e8,0x00000000a4100000)
 Metaspace       used 34465K, capacity 35250K, committed 35416K, reserved 1079296K
  class space    used 4689K, capacity 4975K, committed 4992K, reserved 1048576K
}
Event: 102.190 GC heap before
{Heap before GC invocations=10 (full 2):
 PSYoungGen      total 138752K, used 127488K [0x00000000e0000000, 0x00000000f0900000, 0x0000000100000000)
  eden space 127488K, 100% used [0x00000000e0000000,0x00000000e7c80000,0x00000000e7c80000)
  from space 11264K, 0% used [0x00000000e7c80000,0x00000000e7c80000,0x00000000e8780000)
  to   space 12288K, 0% used [0x00000000efd00000,0x00000000efd00000,0x00000000f0900000)
 ParOldGen       total 66560K, used 16381K [0x00000000a0000000, 0x00000000a4100000, 0x00000000e0000000)
  object space 66560K, 24% used [0x00000000a0000000,0x00000000a0fff5e8,0x00000000a4100000)
 Metaspace       used 46206K, capacity 47270K, committed 47576K, reserved 1089536K
  class space    used 6225K, capacity 6599K, committed 6656K, reserved 1048576K
Event: 102.207 GC heap after
Heap after GC invocations=10 (full 2):
 PSYoungGen      total 227328K, used 12285K [0x00000000e0000000, 0x00000000f0900000, 0x0000000100000000)
  eden space 215040K, 0% used [0x00000000e0000000,0x00000000e0000000,0x00000000ed200000)
  from space 12288K, 99% used [0x00000000efd00000,0x00000000f08ff768,0x00000000f0900000)
  to   space 14848K, 0% used [0x00000000eec00000,0x00000000eec00000,0x00000000efa80000)
 ParOldGen       total 66560K, used 18497K [0x00000000a0000000, 0x00000000a4100000, 0x00000000e0000000)
  object space 66560K, 27% used [0x00000000a0000000,0x00000000a12107d0,0x00000000a4100000)
 Metaspace       used 46206K, capacity 47270K, committed 47576K, reserved 1089536K
  class space    used 6225K, capacity 6599K, committed 6656K, reserved 1048576K
}
Event: 107.089 GC heap before
{Heap before GC invocations=11 (full 2):
 PSYoungGen      total 227328K, used 227325K [0x00000000e0000000, 0x00000000f0900000, 0x0000000100000000)
  eden space 215040K, 100% used [0x00000000e0000000,0x00000000ed200000,0x00000000ed200000)
  from space 12288K, 99% used [0x00000000efd00000,0x00000000f08ff768,0x00000000f0900000)
  to   space 14848K, 0% used [0x00000000eec00000,0x00000000eec00000,0x00000000efa80000)
 ParOldGen       total 66560K, used 18497K [0x00000000a0000000, 0x00000000a4100000, 0x00000000e0000000)
  object space 66560K, 27% used [0x00000000a0000000,0x00000000a12107d0,0x00000000a4100000)
 Metaspace       used 53733K, capacity 55534K, committed 55640K, reserved 1097728K
  class space    used 7293K, capacity 7772K, committed 7808K, reserved 1048576K
Event: 107.119 GC heap after
Heap after GC invocations=11 (full 2):
 PSYoungGen      total 256512K, used 14816K [0x00000000e0000000, 0x00000000f4d00000, 0x0000000100000000)
  eden space 241664K, 0% used [0x00000000e0000000,0x00000000e0000000,0x00000000eec00000)
  from space 14848K, 99% used [0x00000000eec00000,0x00000000efa78048,0x00000000efa80000)
  to   space 20480K, 0% used [0x00000000f3900000,0x00000000f3900000,0x00000000f4d00000)
 ParOldGen       total 66560K, used 28021K [0x00000000a0000000, 0x00000000a4100000, 0x00000000e0000000)
  object space 66560K, 42% used [0x00000000a0000000,0x00000000a1b5d588,0x00000000a4100000)
 Metaspace       used 53733K, capacity 55534K, committed 55640K, reserved 1097728K
  class space    used 7293K, capacity 7772K, committed 7808K, reserved 1048576K
}

